ft_memset:     [OK] [OK] [OK] [OK] [OK] [OK] [OK] 
ft_bzero:      [OK] [OK] [OK] [OK] 
ft_memcpy:     [OK] [OK] [OK] [OK] [OK] [OK] [OK] [OK] [OK] [OK] [OK] 
ft_memmove:    [OK] [OK] [OK] [OK] [OK] [OK] [OK] [OK] [OK] [OK] [OK] [OK] [OK] [OK] 
ft_memchr:     [OK] [OK] [OK] [OK] [OK] [OK] [OK] [OK] 
ft_memcmp:     [OK] [OK] [OK] [OK] [OK] [OK] [OK] [OK] [OK] [OK] 
ft_strlen:     [OK] [OK] [OK] [OK] [OK] [OK] [OK] [OK] [OK] 
ft_isalpha:    [OK] 
ft_isdigit:    [OK] 
ft_isalnum:    [OK] 
ft_isascii:    [OK] 
ft_isprint:    [OK] 
ft_toupper:    [OK] 
ft_tolower:    [OK] 
ft_strchr:     [OK] [OK] [OK] [OK] [OK] [OK] [OK] [OK] [OK] [OK] 
ft_strrchr:    [OK] [OK] [OK] [OK] [OK] [OK] [OK] [OK] 
ft_strncmp:    [OK] [OK] [OK] [OK] [OK] [OK] [OK] [OK] [OK] [OK] [OK] [OK] [OK] [OK] 
ft_strlcpy:    [OK] [OK] [OK] [OK] [OK] [OK] [OK] 
ft_strlcat:    [OK] [OK] [OK] [OK] [OK] [OK] [OK] [OK] [OK] [OK] [OK] [OK] [OK] 
ft_strnstr:    [OK] [OK] [OK] [OK] [OK] [OK] [OK] [OK] [OK] [OK] [OK] [OK] [OK] [OK] [OK] 
ft_atoi:       [OK] [OK] [OK] [OK] [OK] [OK] [OK] [OK] [OK] [OK] [OK] [OK] [OK] [OK] [OK] [OK] 
ft_calloc:     [OK] [OK] [OK] [OK] [OK] 
ft_strdup:     [OK] [OK] [OK] [OK] [OK] [OK] [OK] 
ft_substr:     [OK] [OK] [OK] [OK] [OK] [OK] [OK] [OK] {protected}[OK] 
ft_strjoin:    [OK] [OK] [OK] [OK] [OK] {protected}
ft_strtrim:    [OK] [OK] [OK] [OK] [OK] [OK] [OK] [OK] [OK] {protected}
ft_split:      [CRASH] [OK] [CRASH] [CRASH] [OK] [CRASH] [OK] [CRASH] [CRASH] [CRASH] {not protected}
[crash]: your split does not work with basic input
Test code:
	char *string = "      split       this for   me  !       ";
	char **expected = ((char*[6]){"split", "this", "for", "me", "!", ((void*)0)});
	char **result = ft_split(string, ' ');

	split_cmp_array(expected, result);


[crash]: your split does not work with one word
Test code:
	char *s = "                  olol";
	char **result = ft_split(s, ' ');

	split_cmp_array(expected, result);


[crash]: your split does not work with one word
Test code:
	char *s = "olol                     ";
	char **result = ft_split(s, ' ');

	split_cmp_array(expected, result);


[crash]: your split does not work with full string
Test code:
	char *s = "0 0 0 0 0 0 0 0 0";
	char **result = ft_split(s, ' ');

	split_cmp_array(expected, result);


[crash]: your split does not work with basic input
Test code:
	char *s = "split  ||this|for|me|||||!|";
	int i = 0;
	char **result = ft_split(s, '|');

	while (result[i])
	{
		if (strcmp(result[i], *expected))
		{
			exit(TEST_FAILED);
		}
		free(result[i]);
		i++;
		expected++;
	}
	free(result);
	exit(TEST_SUCCESS);


[crash]: you did not protect your split
Test code:
	char *s = "      split       this for   me  !       ";

	char **result = ft_split(s, ' ');
	if (!result)
		exit(TEST_SUCCESS);
	exit(TEST_FAILED);


[crash]: your split does not work with basic input
Test code:
	char *s = "      split       this for   me  !       ";

	char **result = ft_split(s, ' ');
	while (*result)
	{
		if (strcmp(*result, *expected))
		{
			exit(TEST_FAILED);
		}
		result++;
		expected++;
	}
	exit(TEST_SUCCESS);


ft_itoa:       [OK] [OK] [OK] [OK] [OK] [OK] [OK] [OK] [OK] 
ft_strmapi:    [OK] [OK] [OK] [OK] [OK] {protected}
ft_putchar_fd: [OK] [OK] 
ft_putstr_fd:  [OK] [OK] {protected}
ft_putendl_fd: [OK] [OK] {protected}
ft_putnbr_fd:  [OK] [OK] [OK] [OK] [OK] 
ft_lstnew:     [OK] [OK] [OK] [OK] 
ft_lstadd_front: [OK] [OK] [OK] 
ft_lstsize:    [OK] [OK] 
ft_lstlast:    [OK] [OK] 
ft_lstadd_back:[OK] [OK] [OK] 
ft_lstdelone:  [OK] {protected}
ft_lstclear:   [OK] [OK] [OK] {protected}
ft_lstiter:    [OK] {protected}
ft_lstmap:     [OK] {protected}
ft_striteri:   [OK] [OK] {protected}
